<?xml version="1.0" encoding="UTF-8"?>
<testng-results ignored="0" total="1" passed="1" failed="0" skipped="0">
  <reporter-output>
  </reporter-output>
  <suite started-at="2022-05-17T22:02:23 IST" name="Default suite" finished-at="2022-05-17T22:02:28 IST" duration-ms="5262">
    <groups>
    </groups>
    <test started-at="2022-05-17T22:02:23 IST" name="Default test" finished-at="2022-05-17T22:02:28 IST" duration-ms="5262">
      <class name="com.restassured.tests.VerifyDigestAuth">
        <test-method is-config="true" signature="setup()[pri:0, instance:com.restassured.tests.VerifyDigestAuth@437da279]" started-at="2022-05-17T22:02:23 IST" name="setup" finished-at="2022-05-17T22:02:23 IST" duration-ms="605" status="PASS">
          <reporter-output>
          </reporter-output>
        </test-method> <!-- setup -->
        <test-method signature="digestAuth()[pri:0, instance:com.restassured.tests.VerifyDigestAuth@437da279]" started-at="2022-05-17T22:02:23 IST" name="digestAuth" finished-at="2022-05-17T22:02:27 IST" duration-ms="3952" status="PASS">
          <reporter-output>
          </reporter-output>
        </test-method> <!-- digestAuth -->
        <test-method is-config="true" signature="cleanUp(org.testng.ITestResult)[pri:0, instance:com.restassured.tests.VerifyDigestAuth@437da279]" started-at="2022-05-17T22:02:27 IST" name="cleanUp" finished-at="2022-05-17T22:02:27 IST" duration-ms="12" status="PASS">
          <params>
            <param index="0">
              <value>
                <![CDATA[[TestResult name=digestAuth status=SUCCESS method=VerifyDigestAuth.digestAuth()[pri:0, instance:com.restassured.tests.VerifyDigestAuth@437da279] output={null}]]]>
              </value>
            </param>
          </params>
          <reporter-output>
          </reporter-output>
        </test-method> <!-- cleanUp -->
        <test-method is-config="true" signature="cleanup()[pri:0, instance:com.restassured.tests.VerifyDigestAuth@437da279]" started-at="2022-05-17T22:02:27 IST" name="cleanup" finished-at="2022-05-17T22:02:28 IST" duration-ms="637" status="PASS">
          <reporter-output>
          </reporter-output>
        </test-method> <!-- cleanup -->
      </class> <!-- com.restassured.tests.VerifyDigestAuth -->
    </test> <!-- Default test -->
  </suite> <!-- Default suite -->
</testng-results>
